Base path: C:/Program Files/Unity/Editor/Data
Pipe name: \\.\pipe\UnityShaderCompiler-64bit-1-6608
Cmd: getPlatforms
Cmd: preprocess
  insize=1612 outsize=506 ok=1
Cmd: compileSnippet
  api=4 type=0 insize=1405 outsize=1006 kw= pd= ok=1
Cmd: compileSnippet
  api=4 type=1 insize=1405 outsize=1103 kw= pd= ok=1
Cmd: preprocess
  insize=1688 outsize=559 ok=1
Cmd: compileSnippet
  error: 2 plat 4 at (26): '_Colors': implicit array missing initial value\nCompiling Vertex program
  error: 2 plat 4 at (26): undeclared identifier '_NumberOfColors'\nCompiling Vertex program
  api=4 type=0 insize=1427 outsize=0 kw= pd= ok=0
Cmd: preprocess
  insize=1723 outsize=560 ok=1
Cmd: compileSnippet
  error: 2 plat 4 at (27): array dimensions must be literal scalar expressions\nCompiling Vertex program
  api=4 type=0 insize=1462 outsize=0 kw= pd= ok=0
Cmd: preprocess
  insize=1612 outsize=506 ok=1
